# JRE version: OpenJDK Runtime Environment (11.0.7+10) (build 11.0.7+10-post-Ubuntu-3ubuntu1)
# Java VM: OpenJDK 64-Bit Server VM (11.0.7+10-post-Ubuntu-3ubuntu1, mixed mode, sharing, tiered, compressed oops, g1 gc, linux-amd64)
Heap:
 garbage-first heap   total 92160K, used 57489K [0x00000000c4200000, 0x0000000100000000)
  region size 1024K, 14 young (14336K), 2 survivors (2048K)
 Metaspace       used 71781K, capacity 74145K, committed 74444K, reserved 1114112K
  class space    used 9813K, capacity 10726K, committed 10752K, reserved 1048576K
GC Heap History (20 events):
Event: 64.877 GC heap before
{Heap before GC invocations=34 (full 0):
 garbage-first heap   total 92160K, used 76162K [0x00000000c4200000, 0x0000000100000000)
  region size 1024K, 43 young (44032K), 5 survivors (5120K)
 Metaspace       used 61942K, capacity 64032K, committed 64460K, reserved 1103872K
  class space    used 8521K, capacity 9366K, committed 9472K, reserved 1048576K
}
Event: 64.889 GC heap after
{Heap after GC invocations=35 (full 0):
 garbage-first heap   total 92160K, used 40161K [0x00000000c4200000, 0x0000000100000000)
  region size 1024K, 5 young (5120K), 5 survivors (5120K)
 Metaspace       used 61942K, capacity 64032K, committed 64460K, reserved 1103872K
  class space    used 8521K, capacity 9366K, committed 9472K, reserved 1048576K
}
Event: 65.132 GC heap before
{Heap before GC invocations=35 (full 0):
 garbage-first heap   total 92160K, used 58593K [0x00000000c4200000, 0x0000000100000000)
  region size 1024K, 24 young (24576K), 5 survivors (5120K)
 Metaspace       used 62688K, capacity 64818K, committed 65100K, reserved 1105920K
  class space    used 8641K, capacity 9497K, committed 9600K, reserved 1048576K
}
Event: 65.145 GC heap after
{Heap after GC invocations=36 (full 0):
 garbage-first heap   total 92160K, used 40785K [0x00000000c4200000, 0x0000000100000000)
  region size 1024K, 1 young (1024K), 1 survivors (1024K)
 Metaspace       used 62688K, capacity 64818K, committed 65100K, reserved 1105920K
  class space    used 8641K, capacity 9497K, committed 9600K, reserved 1048576K
}
Event: 65.562 GC heap before
{Heap before GC invocations=37 (full 0):
 garbage-first heap   total 92160K, used 70481K [0x00000000c4200000, 0x0000000100000000)
  region size 1024K, 30 young (30720K), 1 survivors (1024K)
 Metaspace       used 64229K, capacity 66399K, committed 66764K, reserved 1105920K
  class space    used 8874K, capacity 9724K, committed 9728K, reserved 1048576K
}
Event: 65.566 GC heap after
{Heap after GC invocations=38 (full 0):
 garbage-first heap   total 92160K, used 40888K [0x00000000c4200000, 0x0000000100000000)
  region size 1024K, 1 young (1024K), 1 survivors (1024K)
 Metaspace       used 64229K, capacity 66399K, committed 66764K, reserved 1105920K
  class space    used 8874K, capacity 9724K, committed 9728K, reserved 1048576K
}
Event: 120.003 GC heap before
{Heap before GC invocations=38 (full 0):
 garbage-first heap   total 92160K, used 71608K [0x00000000c4200000, 0x0000000100000000)
  region size 1024K, 31 young (31744K), 1 survivors (1024K)
 Metaspace       used 66266K, capacity 68449K, committed 68812K, reserved 1107968K
  class space    used 9120K, capacity 9982K, committed 9984K, reserved 1048576K
}
Event: 120.009 GC heap after
{Heap after GC invocations=39 (full 0):
 garbage-first heap   total 92160K, used 41410K [0x00000000c4200000, 0x0000000100000000)
  region size 1024K, 2 young (2048K), 2 survivors (2048K)
 Metaspace       used 66266K, capacity 68449K, committed 68812K, reserved 1107968K
  class space    used 9120K, capacity 9982K, committed 9984K, reserved 1048576K
}
Event: 151.909 GC heap before
{Heap before GC invocations=40 (full 0):
 garbage-first heap   total 92160K, used 71106K [0x00000000c4200000, 0x0000000100000000)
  region size 1024K, 32 young (32768K), 2 survivors (2048K)
 Metaspace       used 68140K, capacity 70413K, committed 70732K, reserved 1110016K
  class space    used 9361K, capacity 10272K, committed 10368K, reserved 1048576K
}
Event: 151.916 GC heap after
{Heap after GC invocations=41 (full 0):
 garbage-first heap   total 92160K, used 43000K [0x00000000c4200000, 0x0000000100000000)
  region size 1024K, 4 young (4096K), 4 survivors (4096K)
 Metaspace       used 68140K, capacity 70413K, committed 70732K, reserved 1110016K
  class space    used 9361K, capacity 10272K, committed 10368K, reserved 1048576K
}
Event: 266.551 GC heap before
{Heap before GC invocations=41 (full 0):
 garbage-first heap   total 92160K, used 72696K [0x00000000c4200000, 0x0000000100000000)
  region size 1024K, 33 young (33792K), 4 survivors (4096K)
 Metaspace       used 69032K, capacity 71307K, committed 71628K, reserved 1110016K
  class space    used 9469K, capacity 10375K, committed 10496K, reserved 1048576K
}
Event: 266.562 GC heap after
{Heap after GC invocations=42 (full 0):
 garbage-first heap   total 92160K, used 45359K [0x00000000c4200000, 0x0000000100000000)
  region size 1024K, 5 young (5120K), 5 survivors (5120K)
 Metaspace       used 69032K, capacity 71307K, committed 71628K, reserved 1110016K
  class space    used 9469K, capacity 10375K, committed 10496K, reserved 1048576K
}
Event: 356.202 GC heap before
{Heap before GC invocations=43 (full 0):
 garbage-first heap   total 92160K, used 73007K [0x00000000c4200000, 0x0000000100000000)
  region size 1024K, 33 young (33792K), 5 survivors (5120K)
 Metaspace       used 69922K, capacity 72190K, committed 72396K, reserved 1112064K
  class space    used 9610K, capacity 10495K, committed 10496K, reserved 1048576K
}
Event: 356.211 GC heap after
{Heap after GC invocations=44 (full 0):
 garbage-first heap   total 92160K, used 45852K [0x00000000c4200000, 0x0000000100000000)
  region size 1024K, 3 young (3072K), 3 survivors (3072K)
 Metaspace       used 69922K, capacity 72190K, committed 72396K, reserved 1112064K
  class space    used 9610K, capacity 10495K, committed 10496K, reserved 1048576K
}
Event: 416.717 GC heap before
{Heap before GC invocations=44 (full 0):
 garbage-first heap   total 92160K, used 73500K [0x00000000c4200000, 0x0000000100000000)
  region size 1024K, 31 young (31744K), 3 survivors (3072K)
 Metaspace       used 69938K, capacity 72211K, committed 72524K, reserved 1112064K
  class space    used 9613K, capacity 10500K, committed 10624K, reserved 1048576K
}
Event: 416.725 GC heap after
{Heap after GC invocations=45 (full 0):
 garbage-first heap   total 92160K, used 45922K [0x00000000c4200000, 0x0000000100000000)
  region size 1024K, 1 young (1024K), 1 survivors (1024K)
 Metaspace       used 69938K, capacity 72211K, committed 72524K, reserved 1112064K
  class space    used 9613K, capacity 10500K, committed 10624K, reserved 1048576K
}
Event: 451.709 GC heap before
{Heap before GC invocations=46 (full 0):
 garbage-first heap   total 92160K, used 73570K [0x00000000c4200000, 0x0000000100000000)
  region size 1024K, 29 young (29696K), 1 survivors (1024K)
 Metaspace       used 70681K, capacity 72977K, committed 73292K, reserved 1112064K
  class space    used 9691K, capacity 10592K, committed 10624K, reserved 1048576K
}
Event: 451.714 GC heap after
{Heap after GC invocations=47 (full 0):
 garbage-first heap   total 92160K, used 46472K [0x00000000c4200000, 0x0000000100000000)
  region size 1024K, 2 young (2048K), 2 survivors (2048K)
 Metaspace       used 70681K, capacity 72977K, committed 73292K, reserved 1112064K
  class space    used 9691K, capacity 10592K, committed 10624K, reserved 1048576K
}
Event: 482.749 GC heap before
{Heap before GC invocations=47 (full 0):
 garbage-first heap   total 92160K, used 74120K [0x00000000c4200000, 0x0000000100000000)
  region size 1024K, 30 young (30720K), 2 survivors (2048K)
 Metaspace       used 71765K, capacity 74081K, committed 74188K, reserved 1112064K
  class space    used 9812K, capacity 10726K, committed 10752K, reserved 1048576K
}
Event: 482.753 GC heap after
{Heap after GC invocations=48 (full 0):
 garbage-first heap   total 92160K, used 46225K [0x00000000c4200000, 0x0000000100000000)
  region size 1024K, 2 young (2048K), 2 survivors (2048K)
 Metaspace       used 71765K, capacity 74081K, committed 74188K, reserved 1112064K
  class space    used 9812K, capacity 10726K, committed 10752K, reserved 1048576K
}

